<?xml version="1.0" encoding="UTF-8"?>
<testng-results ignored="0" total="1" passed="1" failed="0" skipped="0">
  <reporter-output>
  </reporter-output>
  <suite started-at="2026-01-20T17:35:31 IST" name="Surefire suite" finished-at="2026-01-20T17:35:42 IST" duration-ms="11342">
    <groups>
      <group name="cucumber">
        <method signature="AbstractTestNGCucumberTests.runScenario(io.cucumber.testng.PickleWrapper,io.cucumber.testng.FeatureWrapper)[pri:0, instance:runnerClass.TestRunner@ef9296d]" name="runScenario" class="io.cucumber.testng.AbstractTestNGCucumberTests"/>
      </group> <!-- cucumber -->
    </groups>
    <test started-at="2026-01-20T17:35:31 IST" name="Surefire test" finished-at="2026-01-20T17:35:42 IST" duration-ms="11342">
      <class name="runnerClass.TestRunner">
        <test-method is-config="true" signature="setUpClass(org.testng.ITestContext)[pri:0, instance:runnerClass.TestRunner@ef9296d]" started-at="2026-01-20T17:35:31 IST" name="setUpClass" finished-at="2026-01-20T17:35:31 IST" duration-ms="510" status="PASS">
          <params>
            <param index="0">
              <value>
                <![CDATA[org.testng.TestRunner@174e1b69]]>
              </value>
            </param>
          </params>
          <reporter-output>
          </reporter-output>
        </test-method> <!-- setUpClass -->
        <test-method signature="runScenario(io.cucumber.testng.PickleWrapper,io.cucumber.testng.FeatureWrapper)[pri:0, instance:runnerClass.TestRunner@ef9296d]" started-at="2026-01-20T17:35:32 IST" name="runScenario" description="Runs Cucumber Scenarios" data-provider="scenarios" finished-at="2026-01-20T17:35:42 IST" duration-ms="10564" status="PASS">
          <params>
            <param index="0">
              <value>
                <![CDATA["Verify the home page is having the products"]]>
              </value>
            </param>
            <param index="1">
              <value>
                <![CDATA["Payment Demo Process"]]>
              </value>
            </param>
          </params>
          <reporter-output>
          </reporter-output>
        </test-method> <!-- runScenario -->
        <test-method is-config="true" signature="tearDownClass()[pri:0, instance:runnerClass.TestRunner@ef9296d]" started-at="2026-01-20T17:35:42 IST" name="tearDownClass" finished-at="2026-01-20T17:35:42 IST" duration-ms="218" status="PASS">
          <reporter-output>
          </reporter-output>
        </test-method> <!-- tearDownClass -->
      </class> <!-- runnerClass.TestRunner -->
    </test> <!-- Surefire test -->
  </suite> <!-- Surefire suite -->
</testng-results>
